{"message":"Getting all categorys","level":"info"}
{"message":"Getting all categorys","level":"info"}
{"message":"\nGetting all categorys\n","level":"info"}
{"message":"Getting category where id :6034c9b56094731558d0803e","level":"info"}
{"message":"Adding Category id :undefined","level":"info"}
{"message":"Adding Category id :undefined","level":"info"}
{"message":"Adding Category id :undefined","level":"info"}
{"message":"Adding Category id :undefined","level":"info"}
{"message":"Adding Category name :test3313","level":"info"}
{"message":"Getting all categorys","level":"info"}
{"message":"Deleting Category id :603f4eb977ac1a5430d1c526","level":"info"}
{"message":"Getting all categorys","level":"info"}
{"message":"Deleting Category id :603f4ee836696e08205c8263","level":"info"}
{"message":"Getting all categorys","level":"info"}
{"message":"Deleting Category id :603f4ecd4a957507707c05cf","level":"info"}
{"message":"Deleting Category id :603f4e9bec46c306f879eead","level":"info"}
{"message":"Getting all categorys","level":"info"}
{"message":"Deleting Category id :603f4e8e963b0e4c64a4a776","level":"info"}
{"message":"Deleting Category id :603f4e71df136f4f3014d2d3","level":"info"}
{"message":"Getting all categorys","level":"info"}
{"message":"Deleting Category id :603f4e22aef1a53244d84d9a","level":"info"}
{"message":"Deleting Category id :603f4e04dba8fa51e4e2962c","level":"info"}
{"message":"Getting all categorys","level":"info"}
{"message":"Updating Category id :6034c9b06094731558d0803d","level":"info"}
{"message":"Getting all categorys","level":"info"}
{"message":"Getting all categorys","level":"info"}
{"message":"3/3/2021 - 10:24:22 AM - Getting all categorys","level":"info"}
{"message":"3/3/2021 - 10:24:25 AM - Getting all categorys","level":"info"}
{"message":"3/3/2021 - 10:25:44 AM - Getting all categorys","level":"info"}
